<?xml version="1.0" encoding="utf-8"?><testsuites name="pytest tests"><testsuite name="pytest" errors="0" failures="0" skipped="0" tests="14" time="3.166" timestamp="2026-07-16T20:18:56.266780+08:00" hostname="LAPTOP-M8KARU90"><testcase classname="02-tests.api.api_contract.test_batch_session_configuration" name="test_seat_selection_sessions_can_update_saleable_ticket_group" time="0.000" /><testcase classname="02-tests.api.api_contract.test_batch_session_configuration" name="test_admission_ticket_sessions_can_update_saleable_ticket_group" time="0.000" /><testcase classname="02-tests.api.api_contract.test_batch_session_configuration" name="test_no_seat_sessions_can_update_saleable_ticket_group" time="0.000" /><testcase classname="02-tests.api.api_contract.test_batch_session_configuration" name="test_seat_selection_sessions_can_update_calendar_display" time="0.000" /><testcase classname="02-tests.api.api_contract.test_batch_session_configuration" name="test_admission_ticket_sessions_can_update_calendar_display" time="0.000" /><testcase classname="02-tests.api.api_contract.test_batch_session_configuration" name="test_no_seat_sessions_can_update_calendar_display" time="0.000" /><testcase classname="02-tests.api.api_contract.test_batch_session_configuration" name="test_seat_selection_sessions_can_update_session_list_display" time="0.000" /><testcase classname="02-tests.api.api_contract.test_batch_session_configuration" name="test_admission_ticket_sessions_can_update_session_list_display" time="0.000" /><testcase classname="02-tests.api.api_contract.test_batch_session_configuration" name="test_no_seat_sessions_can_update_session_list_display" time="0.000" /><testcase classname="02-tests.api.api_contract.test_batch_session_configuration" name="test_pre_generation_requires_target_value_for_each_batch_action" time="0.000" /><testcase classname="02-tests.ui.test_batch_session_configuration_ui" name="test_selected_sessions_can_open_batch_operation_menu" time="0.709" /><testcase classname="02-tests.ui.test_batch_session_configuration_ui" name="test_batch_operation_menu_is_blocked_without_selection" time="0.571" /><testcase classname="02-tests.ui.test_batch_session_configuration_ui" name="test_cancel_and_close_preview_do_not_save_changes" time="0.976" /><testcase classname="02-tests.api_ui_mixed.test_batch_session_configuration_mixed" name="test_deleted_preview_row_is_excluded_from_submission" time="0.815" /></testsuite></testsuites>