<?xml version="1.0" encoding="utf-8"?><testsuites name="pytest tests"><testsuite name="pytest" errors="4" failures="0" skipped="0" tests="14" time="7.257" timestamp="2026-07-16T20:14:23.889600+08:00" hostname="LAPTOP-M8KARU90"><testcase classname="02-tests.api.api_contract.test_batch_session_configuration" name="test_seat_selection_sessions_can_update_saleable_ticket_group" time="0.001" /><testcase classname="02-tests.api.api_contract.test_batch_session_configuration" name="test_admission_ticket_sessions_can_update_saleable_ticket_group" time="0.000" /><testcase classname="02-tests.api.api_contract.test_batch_session_configuration" name="test_no_seat_sessions_can_update_saleable_ticket_group" time="0.000" /><testcase classname="02-tests.api.api_contract.test_batch_session_configuration" name="test_seat_selection_sessions_can_update_calendar_display" time="0.000" /><testcase classname="02-tests.api.api_contract.test_batch_session_configuration" name="test_admission_ticket_sessions_can_update_calendar_display" time="0.000" /><testcase classname="02-tests.api.api_contract.test_batch_session_configuration" name="test_no_seat_sessions_can_update_calendar_display" time="0.000" /><testcase classname="02-tests.api.api_contract.test_batch_session_configuration" name="test_seat_selection_sessions_can_update_session_list_display" time="0.000" /><testcase classname="02-tests.api.api_contract.test_batch_session_configuration" name="test_admission_ticket_sessions_can_update_session_list_display" time="0.000" /><testcase classname="02-tests.api.api_contract.test_batch_session_configuration" name="test_no_seat_sessions_can_update_session_list_display" time="0.000" /><testcase classname="02-tests.api.api_contract.test_batch_session_configuration" name="test_pre_generation_requires_target_value_for_each_batch_action" time="0.000" /><testcase classname="02-tests.ui.test_batch_session_configuration_ui" name="test_selected_sessions_can_open_batch_operation_menu" time="4.713"><error message="failed on setup with &quot;playwright._impl._errors.Error: BrowserType.launch: Executable doesn't exist at C:\Users\klsm\AppData\Local\ms-playwright\chromium_headless_shell-1223\chrome-headless-shell-win64\chrome-headless-shell.exe&#10;╔════════════════════════════════════════════════════════════╗&#10;║ Looks like Playwright was just installed or updated.       ║&#10;║ Please run the following command to download new browsers: ║&#10;║                                                            ║&#10;║     playwright install                                     ║&#10;║                                                            ║&#10;║ &lt;3 Playwright Team                                         ║&#10;╚════════════════════════════════════════════════════════════╝&quot;">@pytest.fixture()
    def page() -&gt; Page:
        with sync_playwright() as playwright:
&gt;           browser = playwright.chromium.launch(headless=True)
                      ^^^^^^^^^^^^^^^^^^^^^^^^^^^^^^^^^^^^^^^^^

02-tests\ui\test_batch_session_configuration_ui.py:16: 
_ _ _ _ _ _ _ _ _ _ _ _ _ _ _ _ _ _ _ _ _ _ _ _ _ _ _ _ _ _ _ _ _ _ _ _ _ _ _ _
..\..\qa-harness\02-platform\01-automation\.venv\Lib\site-packages\playwright\sync_api\_generated.py:16269: in launch
    self._sync(
..\..\qa-harness\02-platform\01-automation\.venv\Lib\site-packages\playwright\_impl\_browser_type.py:98: in launch
    await self._channel.send(
..\..\qa-harness\02-platform\01-automation\.venv\Lib\site-packages\playwright\_impl\_connection.py:69: in send
    return await self._connection.wrap_api_call(
_ _ _ _ _ _ _ _ _ _ _ _ _ _ _ _ _ _ _ _ _ _ _ _ _ _ _ _ _ _ _ _ _ _ _ _ _ _ _ _

self = &lt;playwright._impl._connection.Connection object at 0x00000177FB1DE510&gt;
cb = &lt;function Channel.send.&lt;locals&gt;.&lt;lambda&gt; at 0x00000177FB298F40&gt;
is_internal = False, title = None

    async def wrap_api_call(
        self, cb: Callable[[], Any], is_internal: bool = False, title: str = None
    ) -&gt; Any:
        if self._api_zone.get():
            return await cb()
        task = asyncio.current_task(self._loop)
        st: List[inspect.FrameInfo] = getattr(
            task, "__pw_stack__", None
        ) or inspect.stack(0)
    
        parsed_st = _extract_stack_trace_information_from_stack(st, is_internal, title)
        self._api_zone.set(parsed_st)
        try:
            return await cb()
        except Exception as error:
&gt;           raise rewrite_error(error, f"{parsed_st['apiName']}: {error}") from None
E           playwright._impl._errors.Error: BrowserType.launch: Executable doesn't exist at C:\Users\klsm\AppData\Local\ms-playwright\chromium_headless_shell-1223\chrome-headless-shell-win64\chrome-headless-shell.exe
E           ╔════════════════════════════════════════════════════════════╗
E           ║ Looks like Playwright was just installed or updated.       ║
E           ║ Please run the following command to download new browsers: ║
E           ║                                                            ║
E           ║     playwright install                                     ║
E           ║                                                            ║
E           ║ &lt;3 Playwright Team                                         ║
E           ╚════════════════════════════════════════════════════════════╝

..\..\qa-harness\02-platform\01-automation\.venv\Lib\site-packages\playwright\_impl\_connection.py:559: Error</error></testcase><testcase classname="02-tests.ui.test_batch_session_configuration_ui" name="test_batch_operation_menu_is_blocked_without_selection" time="0.340"><error message="failed on setup with &quot;playwright._impl._errors.Error: BrowserType.launch: Executable doesn't exist at C:\Users\klsm\AppData\Local\ms-playwright\chromium_headless_shell-1223\chrome-headless-shell-win64\chrome-headless-shell.exe&#10;╔════════════════════════════════════════════════════════════╗&#10;║ Looks like Playwright was just installed or updated.       ║&#10;║ Please run the following command to download new browsers: ║&#10;║                                                            ║&#10;║     playwright install                                     ║&#10;║                                                            ║&#10;║ &lt;3 Playwright Team                                         ║&#10;╚════════════════════════════════════════════════════════════╝&quot;">@pytest.fixture()
    def page() -&gt; Page:
        with sync_playwright() as playwright:
&gt;           browser = playwright.chromium.launch(headless=True)
                      ^^^^^^^^^^^^^^^^^^^^^^^^^^^^^^^^^^^^^^^^^

02-tests\ui\test_batch_session_configuration_ui.py:16: 
_ _ _ _ _ _ _ _ _ _ _ _ _ _ _ _ _ _ _ _ _ _ _ _ _ _ _ _ _ _ _ _ _ _ _ _ _ _ _ _
..\..\qa-harness\02-platform\01-automation\.venv\Lib\site-packages\playwright\sync_api\_generated.py:16269: in launch
    self._sync(
..\..\qa-harness\02-platform\01-automation\.venv\Lib\site-packages\playwright\_impl\_browser_type.py:98: in launch
    await self._channel.send(
..\..\qa-harness\02-platform\01-automation\.venv\Lib\site-packages\playwright\_impl\_connection.py:69: in send
    return await self._connection.wrap_api_call(
_ _ _ _ _ _ _ _ _ _ _ _ _ _ _ _ _ _ _ _ _ _ _ _ _ _ _ _ _ _ _ _ _ _ _ _ _ _ _ _

self = &lt;playwright._impl._connection.Connection object at 0x00000177FB30DBD0&gt;
cb = &lt;function Channel.send.&lt;locals&gt;.&lt;lambda&gt; at 0x00000177FB299620&gt;
is_internal = False, title = None

    async def wrap_api_call(
        self, cb: Callable[[], Any], is_internal: bool = False, title: str = None
    ) -&gt; Any:
        if self._api_zone.get():
            return await cb()
        task = asyncio.current_task(self._loop)
        st: List[inspect.FrameInfo] = getattr(
            task, "__pw_stack__", None
        ) or inspect.stack(0)
    
        parsed_st = _extract_stack_trace_information_from_stack(st, is_internal, title)
        self._api_zone.set(parsed_st)
        try:
            return await cb()
        except Exception as error:
&gt;           raise rewrite_error(error, f"{parsed_st['apiName']}: {error}") from None
E           playwright._impl._errors.Error: BrowserType.launch: Executable doesn't exist at C:\Users\klsm\AppData\Local\ms-playwright\chromium_headless_shell-1223\chrome-headless-shell-win64\chrome-headless-shell.exe
E           ╔════════════════════════════════════════════════════════════╗
E           ║ Looks like Playwright was just installed or updated.       ║
E           ║ Please run the following command to download new browsers: ║
E           ║                                                            ║
E           ║     playwright install                                     ║
E           ║                                                            ║
E           ║ &lt;3 Playwright Team                                         ║
E           ╚════════════════════════════════════════════════════════════╝

..\..\qa-harness\02-platform\01-automation\.venv\Lib\site-packages\playwright\_impl\_connection.py:559: Error</error></testcase><testcase classname="02-tests.ui.test_batch_session_configuration_ui" name="test_cancel_and_close_preview_do_not_save_changes" time="0.311"><error message="failed on setup with &quot;playwright._impl._errors.Error: BrowserType.launch: Executable doesn't exist at C:\Users\klsm\AppData\Local\ms-playwright\chromium_headless_shell-1223\chrome-headless-shell-win64\chrome-headless-shell.exe&#10;╔════════════════════════════════════════════════════════════╗&#10;║ Looks like Playwright was just installed or updated.       ║&#10;║ Please run the following command to download new browsers: ║&#10;║                                                            ║&#10;║     playwright install                                     ║&#10;║                                                            ║&#10;║ &lt;3 Playwright Team                                         ║&#10;╚════════════════════════════════════════════════════════════╝&quot;">@pytest.fixture()
    def page() -&gt; Page:
        with sync_playwright() as playwright:
&gt;           browser = playwright.chromium.launch(headless=True)
                      ^^^^^^^^^^^^^^^^^^^^^^^^^^^^^^^^^^^^^^^^^

02-tests\ui\test_batch_session_configuration_ui.py:16: 
_ _ _ _ _ _ _ _ _ _ _ _ _ _ _ _ _ _ _ _ _ _ _ _ _ _ _ _ _ _ _ _ _ _ _ _ _ _ _ _
..\..\qa-harness\02-platform\01-automation\.venv\Lib\site-packages\playwright\sync_api\_generated.py:16269: in launch
    self._sync(
..\..\qa-harness\02-platform\01-automation\.venv\Lib\site-packages\playwright\_impl\_browser_type.py:98: in launch
    await self._channel.send(
..\..\qa-harness\02-platform\01-automation\.venv\Lib\site-packages\playwright\_impl\_connection.py:69: in send
    return await self._connection.wrap_api_call(
_ _ _ _ _ _ _ _ _ _ _ _ _ _ _ _ _ _ _ _ _ _ _ _ _ _ _ _ _ _ _ _ _ _ _ _ _ _ _ _

self = &lt;playwright._impl._connection.Connection object at 0x00000177FB30F4D0&gt;
cb = &lt;function Channel.send.&lt;locals&gt;.&lt;lambda&gt; at 0x00000177FB51DA80&gt;
is_internal = False, title = None

    async def wrap_api_call(
        self, cb: Callable[[], Any], is_internal: bool = False, title: str = None
    ) -&gt; Any:
        if self._api_zone.get():
            return await cb()
        task = asyncio.current_task(self._loop)
        st: List[inspect.FrameInfo] = getattr(
            task, "__pw_stack__", None
        ) or inspect.stack(0)
    
        parsed_st = _extract_stack_trace_information_from_stack(st, is_internal, title)
        self._api_zone.set(parsed_st)
        try:
            return await cb()
        except Exception as error:
&gt;           raise rewrite_error(error, f"{parsed_st['apiName']}: {error}") from None
E           playwright._impl._errors.Error: BrowserType.launch: Executable doesn't exist at C:\Users\klsm\AppData\Local\ms-playwright\chromium_headless_shell-1223\chrome-headless-shell-win64\chrome-headless-shell.exe
E           ╔════════════════════════════════════════════════════════════╗
E           ║ Looks like Playwright was just installed or updated.       ║
E           ║ Please run the following command to download new browsers: ║
E           ║                                                            ║
E           ║     playwright install                                     ║
E           ║                                                            ║
E           ║ &lt;3 Playwright Team                                         ║
E           ╚════════════════════════════════════════════════════════════╝

..\..\qa-harness\02-platform\01-automation\.venv\Lib\site-packages\playwright\_impl\_connection.py:559: Error</error></testcase><testcase classname="02-tests.api_ui_mixed.test_batch_session_configuration_mixed" name="test_deleted_preview_row_is_excluded_from_submission" time="0.342"><error message="failed on setup with &quot;playwright._impl._errors.Error: BrowserType.launch: Executable doesn't exist at C:\Users\klsm\AppData\Local\ms-playwright\chromium_headless_shell-1223\chrome-headless-shell-win64\chrome-headless-shell.exe&#10;╔════════════════════════════════════════════════════════════╗&#10;║ Looks like Playwright was just installed or updated.       ║&#10;║ Please run the following command to download new browsers: ║&#10;║                                                            ║&#10;║     playwright install                                     ║&#10;║                                                            ║&#10;║ &lt;3 Playwright Team                                         ║&#10;╚════════════════════════════════════════════════════════════╝&quot;">@pytest.fixture()
    def page() -&gt; Page:
        with sync_playwright() as playwright:
&gt;           browser = playwright.chromium.launch(headless=True)
                      ^^^^^^^^^^^^^^^^^^^^^^^^^^^^^^^^^^^^^^^^^

02-tests\api_ui_mixed\test_batch_session_configuration_mixed.py:21: 
_ _ _ _ _ _ _ _ _ _ _ _ _ _ _ _ _ _ _ _ _ _ _ _ _ _ _ _ _ _ _ _ _ _ _ _ _ _ _ _
..\..\qa-harness\02-platform\01-automation\.venv\Lib\site-packages\playwright\sync_api\_generated.py:16269: in launch
    self._sync(
..\..\qa-harness\02-platform\01-automation\.venv\Lib\site-packages\playwright\_impl\_browser_type.py:98: in launch
    await self._channel.send(
..\..\qa-harness\02-platform\01-automation\.venv\Lib\site-packages\playwright\_impl\_connection.py:69: in send
    return await self._connection.wrap_api_call(
_ _ _ _ _ _ _ _ _ _ _ _ _ _ _ _ _ _ _ _ _ _ _ _ _ _ _ _ _ _ _ _ _ _ _ _ _ _ _ _

self = &lt;playwright._impl._connection.Connection object at 0x00000177FB2A2C40&gt;
cb = &lt;function Channel.send.&lt;locals&gt;.&lt;lambda&gt; at 0x00000177FB781300&gt;
is_internal = False, title = None

    async def wrap_api_call(
        self, cb: Callable[[], Any], is_internal: bool = False, title: str = None
    ) -&gt; Any:
        if self._api_zone.get():
            return await cb()
        task = asyncio.current_task(self._loop)
        st: List[inspect.FrameInfo] = getattr(
            task, "__pw_stack__", None
        ) or inspect.stack(0)
    
        parsed_st = _extract_stack_trace_information_from_stack(st, is_internal, title)
        self._api_zone.set(parsed_st)
        try:
            return await cb()
        except Exception as error:
&gt;           raise rewrite_error(error, f"{parsed_st['apiName']}: {error}") from None
E           playwright._impl._errors.Error: BrowserType.launch: Executable doesn't exist at C:\Users\klsm\AppData\Local\ms-playwright\chromium_headless_shell-1223\chrome-headless-shell-win64\chrome-headless-shell.exe
E           ╔════════════════════════════════════════════════════════════╗
E           ║ Looks like Playwright was just installed or updated.       ║
E           ║ Please run the following command to download new browsers: ║
E           ║                                                            ║
E           ║     playwright install                                     ║
E           ║                                                            ║
E           ║ &lt;3 Playwright Team                                         ║
E           ╚════════════════════════════════════════════════════════════╝

..\..\qa-harness\02-platform\01-automation\.venv\Lib\site-packages\playwright\_impl\_connection.py:559: Error</error></testcase></testsuite></testsuites>